<?xml version="1.0" encoding="UTF-8"?>
<!-- Generated by org.testng.reporters.JUnitReportReporter -->
<testsuite skipped="0" hostname="SK-LT-58" name="com.ERP.testcases.LoginPageTest" tests="1" failures="0" timestamp="28 Feb 2018 16:10:32 GMT" time="222.528" errors="0">
  <testcase name="loginTest" time="222.528" classname="com.ERP.testcases.LoginPageTest"/>
</testsuite> <!-- com.ERP.testcases.LoginPageTest -->
